<?xml version="1.0" encoding="UTF-8"?>
<testsuite name="PostsRepository 테스트" tests="1" skipped="0" failures="0" errors="0" timestamp="2025-06-24T16:59:27" hostname="GIMIN_NOTEBOOK" time="1.045">
  <properties/>
  <testcase name="BaseTimeEntity_등록()" classname="com.gimin.jpopblog.domain.posts.PostsRepositoryTest" time="1.045"/>
  <system-out><![CDATA[01:59:18.425 [Test worker] DEBUG org.springframework.boot.test.context.SpringBootTestContextBootstrapper - Neither @ContextConfiguration nor @ContextHierarchy found for test class [PostsRepositoryTest]: using SpringBootContextLoader
01:59:18.434 [Test worker] DEBUG org.springframework.test.context.support.AbstractContextLoader - Could not detect default resource locations for test class [com.gimin.jpopblog.domain.posts.PostsRepositoryTest]: no resource found for suffixes {-context.xml, Context.groovy}.
01:59:18.436 [Test worker] INFO org.springframework.test.context.support.AnnotationConfigContextLoaderUtils - Could not detect default configuration classes for test class [com.gimin.jpopblog.domain.posts.PostsRepositoryTest]: PostsRepositoryTest does not declare any static, non-private, non-final, nested classes annotated with @Configuration.
01:59:18.490 [Test worker] DEBUG org.springframework.boot.test.context.SpringBootTestContextBootstrapper - Using ContextCustomizers for test class [PostsRepositoryTest]: [DisableObservabilityContextCustomizer, PropertyMappingContextCustomizer, Customizer, ExcludeFilterContextCustomizer, DuplicateJsonObjectContextCustomizer, MockitoContextCustomizer, TestRestTemplateContextCustomizer]
01:59:18.646 [Test worker] DEBUG org.springframework.context.annotation.ClassPathScanningCandidateComponentProvider - Identified candidate component class: file [C:\Users\gimin\IdeaProjects\jpop-blog\build\classes\java\main\com\gimin\jpopblog\Application.class]
01:59:18.649 [Test worker] INFO org.springframework.boot.test.context.SpringBootTestContextBootstrapper - Found @SpringBootConfiguration com.gimin.jpopblog.Application for test class com.gimin.jpopblog.domain.posts.PostsRepositoryTest
01:59:18.890 [Test worker] DEBUG org.springframework.boot.test.context.SpringBootTestContextBootstrapper - Using TestExecutionListeners for test class [PostsRepositoryTest]: [ServletTestExecutionListener, DirtiesContextBeforeModesTestExecutionListener, ApplicationEventsTestExecutionListener, MockitoTestExecutionListener, DependencyInjectionTestExecutionListener, DirtiesContextTestExecutionListener, TransactionalTestExecutionListener, SqlScriptsTestExecutionListener, EventPublishingTestExecutionListener, RestDocsTestExecutionListener, MockRestServiceServerResetTestExecutionListener, MockMvcPrintOnlyOnFailureTestExecutionListener, WebDriverTestExecutionListener, MockWebServiceServerTestExecutionListener, ResetMocksTestExecutionListener]
01:59:18.894 [Test worker] DEBUG org.springframework.test.context.support.AbstractDirtiesContextTestExecutionListener - Before test class: class [PostsRepositoryTest], class annotated with @DirtiesContext [false] with mode [null]

  .   ____          _            __ _ _
 /\\ / ___'_ __ _ _(_)_ __  __ _ \ \ \ \
( ( )\___ | '_ | '_| | '_ \/ _` | \ \ \ \
 \\/  ___)| |_)| | | | | || (_| |  ) ) ) )
  '  |____| .__|_| |_|_| |_\__, | / / / /
 =========|_|==============|___/=/_/_/_/
 :: Spring Boot ::                (v3.0.2)

2025-06-25T01:59:19.719+09:00  INFO 11108 --- [    Test worker] c.g.j.domain.posts.PostsRepositoryTest   : Starting PostsRepositoryTest using Java 17.0.15 with PID 11108 (started by gimin in C:\Users\gimin\IdeaProjects\jpop-blog)
2025-06-25T01:59:19.724+09:00  INFO 11108 --- [    Test worker] c.g.j.domain.posts.PostsRepositoryTest   : No active profile set, falling back to 1 default profile: "default"
2025-06-25T01:59:21.193+09:00  INFO 11108 --- [    Test worker] .s.d.r.c.RepositoryConfigurationDelegate : Bootstrapping Spring Data JPA repositories in DEFAULT mode.
2025-06-25T01:59:21.332+09:00  INFO 11108 --- [    Test worker] .s.d.r.c.RepositoryConfigurationDelegate : Finished Spring Data repository scanning in 117 ms. Found 1 JPA repository interfaces.
2025-06-25T01:59:22.330+09:00  INFO 11108 --- [    Test worker] com.zaxxer.hikari.HikariDataSource       : HikariPool-1 - Starting...
2025-06-25T01:59:22.770+09:00  INFO 11108 --- [    Test worker] com.zaxxer.hikari.pool.HikariPool        : HikariPool-1 - Added connection conn0: url=jdbc:h2:mem:testdb user=SA
2025-06-25T01:59:22.774+09:00  INFO 11108 --- [    Test worker] com.zaxxer.hikari.HikariDataSource       : HikariPool-1 - Start completed.
2025-06-25T01:59:22.911+09:00  INFO 11108 --- [    Test worker] o.hibernate.jpa.internal.util.LogHelper  : HHH000204: Processing PersistenceUnitInfo [name: default]
2025-06-25T01:59:23.078+09:00  INFO 11108 --- [    Test worker] org.hibernate.Version                    : HHH000412: Hibernate ORM core version 6.1.6.Final
2025-06-25T01:59:23.497+09:00  WARN 11108 --- [    Test worker] org.hibernate.orm.deprecation            : HHH90000021: Encountered deprecated setting [javax.persistence.sharedCache.mode], use [jakarta.persistence.sharedCache.mode] instead
2025-06-25T01:59:24.025+09:00  INFO 11108 --- [    Test worker] SQL dialect                              : HHH000400: Using dialect: org.hibernate.dialect.MySQL8Dialect
2025-06-25T01:59:24.025+09:00  WARN 11108 --- [    Test worker] org.hibernate.orm.deprecation            : HHH90000026: MySQL8Dialect has been deprecated; use org.hibernate.dialect.MySQLDialect instead
Hibernate: 
    
    drop table if exists posts
Hibernate: 
    
    create table posts (
       id bigint not null auto_increment,
        created_date datetime(6),
        modified_date datetime(6),
        author varchar(255) not null,
        content text not null,
        title varchar(500) not null,
        primary key (id)
    ) engine=InnoDB
2025-06-25T01:59:25.451+09:00  INFO 11108 --- [    Test worker] o.h.e.t.j.p.i.JtaPlatformInitiator       : HHH000490: Using JtaPlatform implementation: [org.hibernate.engine.transaction.jta.platform.internal.NoJtaPlatform]
2025-06-25T01:59:25.468+09:00  INFO 11108 --- [    Test worker] j.LocalContainerEntityManagerFactoryBean : Initialized JPA EntityManagerFactory for persistence unit 'default'
2025-06-25T01:59:26.319+09:00  WARN 11108 --- [    Test worker] JpaBaseConfiguration$JpaWebConfiguration : spring.jpa.open-in-view is enabled by default. Therefore, database queries may be performed during view rendering. Explicitly configure spring.jpa.open-in-view to disable this warning
2025-06-25T01:59:26.919+09:00  INFO 11108 --- [    Test worker] o.s.b.a.h2.H2ConsoleAutoConfiguration    : H2 console available at '/h2-console'. Database available at 'jdbc:h2:mem:testdb'
2025-06-25T01:59:27.049+09:00  INFO 11108 --- [    Test worker] c.g.j.domain.posts.PostsRepositoryTest   : Started PostsRepositoryTest in 8.039 seconds (process running for 10.848)
Hibernate: 
    insert 
    into
        posts
        (author, content, created_date, modified_date, title) 
    values
        (?, ?, ?, ?, ?)
Hibernate: 
    select
        p1_0.id,
        p1_0.author,
        p1_0.content,
        p1_0.created_date,
        p1_0.modified_date,
        p1_0.title 
    from
        posts p1_0
>>>>>>>>>>> createDate = 2025-06-25T01:59:27.532652, modifiedDate = 2025-06-25T01:59:27.532652
Hibernate: 
    select
        p1_0.id,
        p1_0.author,
        p1_0.content,
        p1_0.created_date,
        p1_0.modified_date,
        p1_0.title 
    from
        posts p1_0
Hibernate: 
    delete 
    from
        posts 
    where
        id=?
]]></system-out>
  <system-err><![CDATA[]]></system-err>
</testsuite>
